# JRE version: OpenJDK Runtime Environment (17.0.6) (build 17.0.6+0-b2043.56-10027231)
# Java VM: OpenJDK 64-Bit Server VM (17.0.6+0-b2043.56-10027231, mixed mode, tiered, compressed oops, compressed class ptrs, g1 gc, windows-amd64)
GC Precious Log:
 CPUs: 8 total, 8 available
 Memory: 16108M
 Large Page Support: Disabled
 NUMA Support: Disabled
 Compressed Oops: Enabled (Zero based)
 Heap Region Size: 2M
 Heap Min Capacity: 8M
 Heap Initial Capacity: 252M
 Heap Max Capacity: 4028M
 Pre-touch: Disabled
 Parallel Workers: 8
 Concurrent Workers: 2
 Concurrent Refinement Workers: 8
 Periodic GC: Disabled
Heap:
 garbage-first heap   total 147456K, used 109805K [0x0000000704400000, 0x0000000800000000)
  region size 2048K, 14 young (28672K), 1 survivors (2048K)
 Metaspace       used 70528K, committed 70848K, reserved 1114112K
  class space    used 8034K, committed 8192K, reserved 1048576K
GC Heap History (20 events):
Event: 5.853 GC heap before
{Heap before GC invocations=16 (full 0):
 garbage-first heap   total 108544K, used 79670K [0x0000000704400000, 0x0000000800000000)
  region size 2048K, 19 young (38912K), 3 survivors (6144K)
 Metaspace       used 59245K, committed 59456K, reserved 1105920K
  class space    used 6989K, committed 7104K, reserved 1048576K
}
Event: 5.890 GC heap after
{Heap after GC invocations=17 (full 0):
 garbage-first heap   total 108544K, used 52793K [0x0000000704400000, 0x0000000800000000)
  region size 2048K, 3 young (6144K), 3 survivors (6144K)
 Metaspace       used 59245K, committed 59456K, reserved 1105920K
  class space    used 6989K, committed 7104K, reserved 1048576K
}
Event: 6.189 GC heap before
{Heap before GC invocations=17 (full 0):
 garbage-first heap   total 108544K, used 77369K [0x0000000704400000, 0x0000000800000000)
  region size 2048K, 16 young (32768K), 3 survivors (6144K)
 Metaspace       used 60147K, committed 60416K, reserved 1105920K
  class space    used 7114K, committed 7232K, reserved 1048576K
}
Event: 6.214 GC heap after
{Heap after GC invocations=18 (full 0):
 garbage-first heap   total 108544K, used 54743K [0x0000000704400000, 0x0000000800000000)
  region size 2048K, 1 young (2048K), 1 survivors (2048K)
 Metaspace       used 60147K, committed 60416K, reserved 1105920K
  class space    used 7114K, committed 7232K, reserved 1048576K
}
Event: 7.039 GC heap before
{Heap before GC invocations=19 (full 0):
 garbage-first heap   total 108544K, used 83415K [0x0000000704400000, 0x0000000800000000)
  region size 2048K, 15 young (30720K), 1 survivors (2048K)
 Metaspace       used 63709K, committed 64000K, reserved 1105920K
  class space    used 7564K, committed 7744K, reserved 1048576K
}
Event: 7.055 GC heap after
{Heap after GC invocations=20 (full 0):
 garbage-first heap   total 108544K, used 59382K [0x0000000704400000, 0x0000000800000000)
  region size 2048K, 2 young (4096K), 2 survivors (4096K)
 Metaspace       used 63709K, committed 64000K, reserved 1105920K
  class space    used 7564K, committed 7744K, reserved 1048576K
}
Event: 7.804 GC heap before
{Heap before GC invocations=21 (full 0):
 garbage-first heap   total 110592K, used 81910K [0x0000000704400000, 0x0000000800000000)
  region size 2048K, 13 young (26624K), 2 survivors (4096K)
 Metaspace       used 65286K, committed 65600K, reserved 1114112K
  class space    used 7683K, committed 7808K, reserved 1048576K
}
Event: 7.823 GC heap after
{Heap after GC invocations=22 (full 0):
 garbage-first heap   total 110592K, used 63406K [0x0000000704400000, 0x0000000800000000)
  region size 2048K, 2 young (4096K), 2 survivors (4096K)
 Metaspace       used 65286K, committed 65600K, reserved 1114112K
  class space    used 7683K, committed 7808K, reserved 1048576K
}
Event: 8.809 GC heap before
{Heap before GC invocations=22 (full 0):
 garbage-first heap   total 110592K, used 85934K [0x0000000704400000, 0x0000000800000000)
  region size 2048K, 13 young (26624K), 2 survivors (4096K)
 Metaspace       used 66694K, committed 67008K, reserved 1114112K
  class space    used 7733K, committed 7872K, reserved 1048576K
}
Event: 8.832 GC heap after
{Heap after GC invocations=23 (full 0):
 garbage-first heap   total 147456K, used 66082K [0x0000000704400000, 0x0000000800000000)
  region size 2048K, 2 young (4096K), 2 survivors (4096K)
 Metaspace       used 66694K, committed 67008K, reserved 1114112K
  class space    used 7733K, committed 7872K, reserved 1048576K
}
Event: 9.143 GC heap before
{Heap before GC invocations=24 (full 0):
 garbage-first heap   total 147456K, used 80418K [0x0000000704400000, 0x0000000800000000)
  region size 2048K, 10 young (20480K), 2 survivors (4096K)
 Metaspace       used 67172K, committed 67456K, reserved 1114112K
  class space    used 7783K, committed 7936K, reserved 1048576K
}
Event: 9.156 GC heap after
{Heap after GC invocations=25 (full 0):
 garbage-first heap   total 147456K, used 69561K [0x0000000704400000, 0x0000000800000000)
  region size 2048K, 3 young (6144K), 3 survivors (6144K)
 Metaspace       used 67172K, committed 67456K, reserved 1114112K
  class space    used 7783K, committed 7936K, reserved 1048576K
}
Event: 10.196 GC heap before
{Heap before GC invocations=25 (full 0):
 garbage-first heap   total 147456K, used 108473K [0x0000000704400000, 0x0000000800000000)
  region size 2048K, 21 young (43008K), 3 survivors (6144K)
 Metaspace       used 68931K, committed 69248K, reserved 1114112K
  class space    used 7936K, committed 8064K, reserved 1048576K
}
Event: 10.212 GC heap after
{Heap after GC invocations=26 (full 0):
 garbage-first heap   total 147456K, used 76544K [0x0000000704400000, 0x0000000800000000)
  region size 2048K, 3 young (6144K), 3 survivors (6144K)
 Metaspace       used 68931K, committed 69248K, reserved 1114112K
  class space    used 7936K, committed 8064K, reserved 1048576K
}
Event: 11.164 GC heap before
{Heap before GC invocations=26 (full 0):
 garbage-first heap   total 147456K, used 107264K [0x0000000704400000, 0x0000000800000000)
  region size 2048K, 19 young (38912K), 3 survivors (6144K)
 Metaspace       used 69318K, committed 69696K, reserved 1114112K
  class space    used 7952K, committed 8128K, reserved 1048576K
}
Event: 11.176 GC heap after
{Heap after GC invocations=27 (full 0):
 garbage-first heap   total 147456K, used 81292K [0x0000000704400000, 0x0000000800000000)
  region size 2048K, 3 young (6144K), 3 survivors (6144K)
 Metaspace       used 69318K, committed 69696K, reserved 1114112K
  class space    used 7952K, committed 8128K, reserved 1048576K
}
Event: 12.433 GC heap before
{Heap before GC invocations=28 (full 0):
 garbage-first heap   total 147456K, used 112012K [0x0000000704400000, 0x0000000800000000)
  region size 2048K, 18 young (36864K), 3 survivors (6144K)
 Metaspace       used 69933K, committed 70208K, reserved 1114112K
  class space    used 7996K, committed 8128K, reserved 1048576K
}
Event: 12.446 GC heap after
{Heap after GC invocations=29 (full 0):
 garbage-first heap   total 147456K, used 84591K [0x0000000704400000, 0x0000000800000000)
  region size 2048K, 2 young (4096K), 2 survivors (4096K)
 Metaspace       used 69933K, committed 70208K, reserved 1114112K
  class space    used 7996K, committed 8128K, reserved 1048576K
}
Event: 12.542 GC heap before
{Heap before GC invocations=29 (full 0):
 garbage-first heap   total 147456K, used 86639K [0x0000000704400000, 0x0000000800000000)
  region size 2048K, 3 young (6144K), 2 survivors (4096K)
 Metaspace       used 69943K, committed 70272K, reserved 1114112K
  class space    used 7996K, committed 8128K, reserved 1048576K
}
Event: 12.558 GC heap after
{Heap after GC invocations=30 (full 0):
 garbage-first heap   total 147456K, used 85229K [0x0000000704400000, 0x0000000800000000)
  region size 2048K, 1 young (2048K), 1 survivors (2048K)
 Metaspace       used 69943K, committed 70272K, reserved 1114112K
  class space    used 7996K, committed 8128K, reserved 1048576K
}

